<?xml version="1.0" encoding="UTF-8"?>
<robot generator="Robot 4.1.3 (Python 3.10.2 on win32)" generated="20220131 23:19:09.813" rpa="false" schemaversion="2">
<suite id="s1" name="Webautomation" source="C:\Users\Bruna Bonde Ferreira\OneDrive - Prime Control\Área de Trabalho\Curso Robot Basico\tests\features\webautomation.robot">
<kw name="Abrir Navegador" library="hooks" type="SETUP">
<kw name="Open Browser" library="SeleniumLibrary">
<arg>about:blank</arg>
<arg>chrome</arg>
<doc>Opens a new browser instance to the optional ``url``.</doc>
<msg timestamp="20220131 23:19:10.037" level="INFO">Opening browser 'chrome' to base url 'about:blank'.</msg>
<status status="PASS" starttime="20220131 23:19:10.036" endtime="20220131 23:19:11.599"/>
</kw>
<kw name="Go To" library="SeleniumLibrary">
<arg>https://automacaocombatista.herokuapp.com/users</arg>
<doc>Navigates the current browser window to the provided ``url``.</doc>
<msg timestamp="20220131 23:19:11.600" level="INFO">Opening url 'https://automacaocombatista.herokuapp.com/users'</msg>
<status status="PASS" starttime="20220131 23:19:11.600" endtime="20220131 23:19:14.972"/>
</kw>
<kw name="Maximize Browser Window" library="SeleniumLibrary">
<doc>Maximizes current browser window.</doc>
<status status="PASS" starttime="20220131 23:19:14.972" endtime="20220131 23:19:15.096"/>
</kw>
<kw name="Set Selenium Timeout" library="SeleniumLibrary">
<arg>20</arg>
<doc>Sets the timeout that is used by various keywords.</doc>
<status status="PASS" starttime="20220131 23:19:15.096" endtime="20220131 23:19:15.098"/>
</kw>
<status status="PASS" starttime="20220131 23:19:10.036" endtime="20220131 23:19:15.098"/>
</kw>
<test id="s1-t1" name="Cenario: Criar usuario atraves de sessão de lista de usuários">
<kw name="Dado que eu esteja na tela de lista de usuários" library="kws_web">
<kw name="Title Should Be" library="SeleniumLibrary">
<arg>Automação com Batista</arg>
<doc>Verifies that the current page title equals ``title``.</doc>
<msg timestamp="20220131 23:19:15.109" level="INFO">Page title is 'Automação com Batista'.</msg>
<status status="PASS" starttime="20220131 23:19:15.100" endtime="20220131 23:19:15.110"/>
</kw>
<kw name="Wait Until Element Is Visible" library="SeleniumLibrary">
<arg>xpath=//*[contains(text(), "Lista de Usuários!!")]</arg>
<doc>Waits until the element ``locator`` is visible.</doc>
<status status="PASS" starttime="20220131 23:19:15.110" endtime="20220131 23:19:15.138"/>
</kw>
<status status="PASS" starttime="20220131 23:19:15.099" endtime="20220131 23:19:15.139"/>
</kw>
<kw name="E clique na opção NOVO USUÁRIO" library="kws_web">
<kw name="Click Element" library="SeleniumLibrary">
<arg>xpath=//*[contains(text(), 'Novo Usuário')]</arg>
<doc>Click the element identified by ``locator``.</doc>
<msg timestamp="20220131 23:19:15.140" level="INFO">Clicking element 'xpath=//*[contains(text(), 'Novo Usuário')]'.</msg>
<status status="PASS" starttime="20220131 23:19:15.140" endtime="20220131 23:19:15.196"/>
</kw>
<kw name="Wait Until Element Is Visible" library="SeleniumLibrary">
<arg>xpath=//*[contains(text(), 'Novo Usuário!!')]</arg>
<doc>Waits until the element ``locator`` is visible.</doc>
<status status="PASS" starttime="20220131 23:19:15.196" endtime="20220131 23:19:15.684"/>
</kw>
<status status="PASS" starttime="20220131 23:19:15.140" endtime="20220131 23:19:15.684"/>
</kw>
<kw name="Quando finalizar o cadastro preenchendo todos os campos" library="kws_web">
<kw name="Input Text" library="SeleniumLibrary">
<arg>id=user_name</arg>
<arg>${NOVO_USUARIO.nome}</arg>
<doc>Types the given ``text`` into the text field identified by ``locator``.</doc>
<msg timestamp="20220131 23:19:15.686" level="INFO">Typing text 'Bruna' into text field 'id=user_name'.</msg>
<status status="PASS" starttime="20220131 23:19:15.685" endtime="20220131 23:19:15.763"/>
</kw>
<kw name="Input Text" library="SeleniumLibrary">
<arg>id=user_lastname</arg>
<arg>${NOVO_USUARIO.ult_nome}</arg>
<doc>Types the given ``text`` into the text field identified by ``locator``.</doc>
<msg timestamp="20220131 23:19:15.764" level="INFO">Typing text 'Bonde' into text field 'id=user_lastname'.</msg>
<status status="PASS" starttime="20220131 23:19:15.764" endtime="20220131 23:19:15.840"/>
</kw>
<kw name="Input Text" library="SeleniumLibrary">
<arg>id=user_email</arg>
<arg>${NOVO_USUARIO.email}</arg>
<doc>Types the given ``text`` into the text field identified by ``locator``.</doc>
<msg timestamp="20220131 23:19:15.841" level="INFO">Typing text 'bruna.teste@robot.com' into text field 'id=user_email'.</msg>
<status status="PASS" starttime="20220131 23:19:15.840" endtime="20220131 23:19:15.936"/>
</kw>
<kw name="Input Text" library="SeleniumLibrary">
<arg>id=user_address</arg>
<arg>${NOVO_USUARIO.endereço}</arg>
<doc>Types the given ``text`` into the text field identified by ``locator``.</doc>
<msg timestamp="20220131 23:19:15.937" level="INFO">Typing text 'Rua Aprendendo Automação' into text field 'id=user_address'.</msg>
<status status="PASS" starttime="20220131 23:19:15.936" endtime="20220131 23:19:16.047"/>
</kw>
<kw name="Input Text" library="SeleniumLibrary">
<arg>id=user_university</arg>
<arg>${NOVO_USUARIO.universidade}</arg>
<doc>Types the given ``text`` into the text field identified by ``locator``.</doc>
<msg timestamp="20220131 23:19:16.049" level="INFO">Typing text 'UTFPR' into text field 'id=user_university'.</msg>
<status status="PASS" starttime="20220131 23:19:16.047" endtime="20220131 23:19:16.126"/>
</kw>
<kw name="Input Text" library="SeleniumLibrary">
<arg>id=user_profile</arg>
<arg>${NOVO_USUARIO.profissao}</arg>
<doc>Types the given ``text`` into the text field identified by ``locator``.</doc>
<msg timestamp="20220131 23:19:16.127" level="INFO">Typing text 'Analista de teste JR' into text field 'id=user_profile'.</msg>
<status status="PASS" starttime="20220131 23:19:16.126" endtime="20220131 23:19:16.230"/>
</kw>
<kw name="Input Text" library="SeleniumLibrary">
<arg>id=user_gender</arg>
<arg>${NOVO_USUARIO.genero}</arg>
<doc>Types the given ``text`` into the text field identified by ``locator``.</doc>
<msg timestamp="20220131 23:19:16.231" level="INFO">Typing text 'Feminino' into text field 'id=user_gender'.</msg>
<status status="PASS" starttime="20220131 23:19:16.230" endtime="20220131 23:19:16.317"/>
</kw>
<kw name="Input Text" library="SeleniumLibrary">
<arg>id=user_age</arg>
<arg>${NOVO_USUARIO.idade}</arg>
<doc>Types the given ``text`` into the text field identified by ``locator``.</doc>
<msg timestamp="20220131 23:19:16.318" level="INFO">Typing text '19' into text field 'id=user_age'.</msg>
<status status="PASS" starttime="20220131 23:19:16.317" endtime="20220131 23:19:16.392"/>
</kw>
<kw name="Click Element" library="SeleniumLibrary">
<arg>xpath=//input[@value='Criar']</arg>
<doc>Click the element identified by ``locator``.</doc>
<msg timestamp="20220131 23:19:16.392" level="INFO">Clicking element 'xpath=//input[@value='Criar']'.</msg>
<status status="PASS" starttime="20220131 23:19:16.392" endtime="20220131 23:19:17.488"/>
</kw>
<status status="PASS" starttime="20220131 23:19:15.684" endtime="20220131 23:19:17.488"/>
</kw>
<kw name="Então deve ser apresentada a mensagem &quot;Usuário Criado com sucesso&quot;" library="kws_web" sourcename="Então deve ser apresentada a mensagem &quot;${MENSAGEM}&quot;">
<kw name="Wait Until Element Is Visible" library="SeleniumLibrary">
<arg>xpath=//*[contains(text(), '${MENSAGEM}')]</arg>
<doc>Waits until the element ``locator`` is visible.</doc>
<status status="PASS" starttime="20220131 23:19:17.489" endtime="20220131 23:19:17.509"/>
</kw>
<kw name="Wait Until Page Contains" library="SeleniumLibrary">
<arg>${NOVO_USUARIO.nome}</arg>
<doc>Waits until ``text`` appears on the current page.</doc>
<status status="PASS" starttime="20220131 23:19:17.509" endtime="20220131 23:19:17.521"/>
</kw>
<kw name="Wait Until Page Contains" library="SeleniumLibrary">
<arg>${NOVO_USUARIO.ult_nome}</arg>
<doc>Waits until ``text`` appears on the current page.</doc>
<status status="PASS" starttime="20220131 23:19:17.521" endtime="20220131 23:19:17.532"/>
</kw>
<kw name="Wait Until Page Contains" library="SeleniumLibrary">
<arg>${NOVO_USUARIO.email}</arg>
<doc>Waits until ``text`` appears on the current page.</doc>
<status status="PASS" starttime="20220131 23:19:17.532" endtime="20220131 23:19:17.542"/>
</kw>
<kw name="Wait Until Page Contains" library="SeleniumLibrary">
<arg>${NOVO_USUARIO.endereço}</arg>
<doc>Waits until ``text`` appears on the current page.</doc>
<status status="PASS" starttime="20220131 23:19:17.542" endtime="20220131 23:19:17.552"/>
</kw>
<kw name="Wait Until Page Contains" library="SeleniumLibrary">
<arg>${NOVO_USUARIO.universidade}</arg>
<doc>Waits until ``text`` appears on the current page.</doc>
<status status="PASS" starttime="20220131 23:19:17.552" endtime="20220131 23:19:17.561"/>
</kw>
<kw name="Wait Until Page Contains" library="SeleniumLibrary">
<arg>${NOVO_USUARIO.profissao}</arg>
<doc>Waits until ``text`` appears on the current page.</doc>
<status status="PASS" starttime="20220131 23:19:17.562" endtime="20220131 23:19:17.571"/>
</kw>
<kw name="Wait Until Page Contains" library="SeleniumLibrary">
<arg>${NOVO_USUARIO.genero}</arg>
<doc>Waits until ``text`` appears on the current page.</doc>
<status status="PASS" starttime="20220131 23:19:17.571" endtime="20220131 23:19:17.582"/>
</kw>
<kw name="Wait Until Page Contains" library="SeleniumLibrary">
<arg>${NOVO_USUARIO.idade}</arg>
<doc>Waits until ``text`` appears on the current page.</doc>
<status status="PASS" starttime="20220131 23:19:17.582" endtime="20220131 23:19:17.591"/>
</kw>
<kw name="Sleep" library="BuiltIn">
<arg>2</arg>
<doc>Pauses the test executed for the given time.</doc>
<msg timestamp="20220131 23:19:19.602" level="INFO">Slept 2 seconds</msg>
<status status="PASS" starttime="20220131 23:19:17.591" endtime="20220131 23:19:19.602"/>
</kw>
<status status="PASS" starttime="20220131 23:19:17.488" endtime="20220131 23:19:19.602"/>
</kw>
<tag>lista</tag>
<status status="PASS" starttime="20220131 23:19:15.098" endtime="20220131 23:19:19.602"/>
</test>
<kw name="Fechar Navegador" library="hooks" type="TEARDOWN">
<kw name="Capture Page Screenshot" library="SeleniumLibrary">
<doc>Takes a screenshot of the current page and embeds it into a log file.</doc>
<msg timestamp="20220131 23:19:19.705" level="INFO" html="true">&lt;/td&gt;&lt;/tr&gt;&lt;tr&gt;&lt;td colspan="3"&gt;&lt;a href="selenium-screenshot-11.png"&gt;&lt;img src="selenium-screenshot-11.png" width="800px"&gt;&lt;/a&gt;</msg>
<status status="PASS" starttime="20220131 23:19:19.604" endtime="20220131 23:19:19.706"/>
</kw>
<kw name="Close Browser" library="SeleniumLibrary">
<doc>Closes the current browser.</doc>
<status status="PASS" starttime="20220131 23:19:19.706" endtime="20220131 23:19:21.935"/>
</kw>
<status status="PASS" starttime="20220131 23:19:19.604" endtime="20220131 23:19:21.935"/>
</kw>
<doc>Aqui estarão presentes todos os testes automatizados do módulo de automação web</doc>
<status status="PASS" starttime="20220131 23:19:09.815" endtime="20220131 23:19:21.935"/>
</suite>
<statistics>
<total>
<stat pass="1" fail="0" skip="0">All Tests</stat>
</total>
<tag>
<stat pass="1" fail="0" skip="0">lista</stat>
</tag>
<suite>
<stat pass="1" fail="0" skip="0" id="s1" name="Webautomation">Webautomation</stat>
</suite>
</statistics>
<errors>
</errors>
</robot>
